
-----DAQ shutdown-----
Mon Apr  4 16:54:36 EDT 2011
    
-------DAQ start-------
Mon Apr  4 20:20:00 EDT 2011
Shutting down ntpd: [60G[[0;32m  OK  [0;39m]
adjtimex setup
    
-------DAQ start-------
Mon Apr  4 20:29:43 EDT 2011
Shutting down ntpd: [60G[[0;32m  OK  [0;39m]
adjtimex setup
-----DAQ shutdown-----
Mon Apr  4 20:32:40 EDT 2011
    
-------DAQ start-------
Mon Apr  4 20:36:38 EDT 2011
Shutting down ntpd: [60G[[0;32m  OK  [0;39m]
adjtimex setup
-----DAQ shutdown-----
Mon Apr  4 20:42:04 EDT 2011
    
-------DAQ start-------
Mon Apr  4 20:44:11 EDT 2011
Shutting down ntpd: [60G[[0;32m  OK  [0;39m]
adjtimex setup
-----DAQ shutdown-----
Mon Apr  4 20:47:31 EDT 2011
    
-------DAQ start-------
Mon Apr  4 20:49:36 EDT 2011
Shutting down ntpd: [60G[[0;32m  OK  [0;39m]
adjtimex setup
-----DAQ shutdown-----
Thu Apr  7 13:01:15 EDT 2011
    
-------DAQ start-------
Thu Apr  7 13:05:25 EDT 2011
Shutting down ntpd: [60G[[0;32m  OK  [0;39m]
adjtimex setup
-----DAQ shutdown-----
Thu Apr  7 15:07:21 EDT 2011
    
-------DAQ start-------
Thu Apr  7 15:09:24 EDT 2011
Shutting down ntpd: [60G[[0;32m  OK  [0;39m]
adjtimex setup
-----DAQ shutdown-----
Thu Apr  7 17:11:21 EDT 2011
    
-------DAQ start-------
Thu Apr  7 17:13:25 EDT 2011
Shutting down ntpd: [60G[[0;32m  OK  [0;39m]
adjtimex setup
    
-------DAQ start-------
Sun Apr 10 01:15:43 EDT 2011
Shutting down ntpd: [60G[[0;32m  OK  [0;39m]
adjtimex setup
-----DAQ shutdown-----
Sun Apr 10 01:25:52 EDT 2011
    
-------DAQ start-------
Tue Apr 12 12:04:12 EDT 2011
Shutting down ntpd: [60G[[0;32m  OK  [0;39m]
adjtimex setup
-----DAQ shutdown-----
Wed Apr 13 01:54:32 EDT 2011
    
-------DAQ start-------
Thu Apr 14 15:36:38 EDT 2011
Shutting down ntpd: [60G[[0;32m  OK  [0;39m]
adjtimex setup
-----DAQ shutdown-----
Thu Apr 14 16:38:30 EDT 2011
    
-------DAQ start-------
Thu Apr 14 16:40:38 EDT 2011
Shutting down ntpd: [60G[[0;32m  OK  [0;39m]
adjtimex setup
-----DAQ shutdown-----
Thu Apr 14 16:52:01 EDT 2011
    
-------DAQ start-------
Thu Apr 14 16:54:07 EDT 2011
Shutting down ntpd: [60G[[0;32m  OK  [0;39m]
adjtimex setup
-----DAQ shutdown-----
Thu Apr 14 17:02:08 EDT 2011
    
-------DAQ start-------
Thu Apr 14 17:04:15 EDT 2011
Shutting down ntpd: [60G[[0;32m  OK  [0;39m]
adjtimex setup
-----DAQ shutdown-----
Thu Apr 14 17:06:14 EDT 2011
    
-------DAQ start-------
Thu Apr 14 19:06:12 EDT 2011
Shutting down ntpd: [60G[[0;32m  OK  [0;39m]
adjtimex setup
-----DAQ shutdown-----
Thu Apr 14 19:14:09 EDT 2011
    
-------DAQ start-------
Thu Apr 14 19:18:20 EDT 2011
Shutting down ntpd: [60G[[0;32m  OK  [0;39m]
adjtimex setup
-----DAQ shutdown-----
Thu Apr 14 19:21:26 EDT 2011
    
-------DAQ start-------
Thu Apr 14 19:35:07 EDT 2011
Shutting down ntpd: [60G[[0;32m  OK  [0;39m]
adjtimex setup
    
-------DAQ start-------
Fri Apr 15 16:43:50 EDT 2011
Shutting down ntpd: [60G[[0;32m  OK  [0;39m]
adjtimex setup
-----DAQ shutdown-----
Fri Apr 15 16:59:30 EDT 2011
    
-------DAQ start-------
Fri Apr 15 23:29:37 EDT 2011
Shutting down ntpd: [60G[[0;32m  OK  [0;39m]
adjtimex setup
-----DAQ shutdown-----
Sat Apr 16 01:09:21 EDT 2011
    
-------DAQ start-------
Sat Apr 16 16:50:11 EDT 2011
Shutting down ntpd: [60G[[0;32m  OK  [0;39m]
adjtimex setup
-----DAQ shutdown-----
Sat Apr 16 19:20:39 EDT 2011
    
-------DAQ start-------
Sat Apr 16 19:24:52 EDT 2011
Shutting down ntpd: [60G[[0;32m  OK  [0;39m]
adjtimex setup
